==========================================  Summary statistics  ==========================================
                                Variable          N      AvgDiff      MinDiff      MaxDiff        StDev
                             atb532_perp    1408320         -inf  -3.4025e+38  -1.0000e+00 --
                                  atb532    1408320         -inf  -3.4024e+38  -1.0000e+00 --
                            clcalipsoice      11624   1.0000e+00   1.0000e+00   1.0000e+00   0.0000e+00
                            clcalipsoliq       5704   1.0000e+00   1.0000e+00   1.0000e+00   0.0000e+00
                             clcalipsoun       4944   1.0000e+00   1.0000e+00   1.0000e+00   0.0000e+00
                           cllcalipsoice       1339  -1.1739e+28  -4.0000e+29   5.0000e+00   4.8859e+28
                           clmcalipsoice       1342  -1.3455e+28  -4.0000e+29   1.0000e+00   4.1580e+28
                           clhcalipsoice       1342  -1.9001e+28  -2.1111e+29   2.0000e+00   3.9296e+28
                           cltcalipsoice       1468  -2.2985e+28  -3.9000e+29   3.4444e+00   4.6567e+28
                           cllcalipsoliq       1386  -2.8130e+28  -4.0000e+29   1.5000e+00   4.9201e+28
                           clmcalipsoliq       1306  -9.3482e+27  -4.0000e+29   1.2500e+00   4.0513e+28
                           clhcalipsoliq       1304  -1.1611e+27  -2.1250e+29  -1.0000e+00   1.4337e+28
                           cltcalipsoliq       1438  -3.2527e+28  -3.8571e+29   1.5000e+00   5.3963e+28
                            cllcalipsoun       1373  -1.4817e+28  -4.0000e+29   1.0000e+00   4.5201e+28
                            clmcalipsoun       1310  -7.4056e+27  -4.0000e+29   1.0000e+00   3.5719e+28
                            clhcalipsoun       1315  -1.4890e+27  -2.4000e+29   3.5714e+00   1.6629e+28
                            cltcalipsoun       1431  -1.8421e+28  -4.1000e+29   6.0714e+00   5.2586e+28
                            clcalipsotmp      58862   1.0000e+00   1.0000e+00   1.0000e+00   0.0000e+00
                         clcalipsotmpice      57276   1.0000e+00   1.0000e+00   1.0000e+00   0.0000e+00
                         clcalipsotmpliq      52397   1.0000e+00   1.0000e+00   1.0000e+00   0.0000e+00
                          clcalipsotmpun      51686   1.0000e+00   1.0000e+00   1.0000e+00   0.0000e+00
                          cfadLidarsr532     132706   1.0000e+00   1.0000e+00   1.0000e+00   0.0000e+00
                               clcalipso      13997   1.0000e+00   1.0000e+00   1.0000e+00   0.0000e+00
                              cllcalipso       1335  -2.8304e+28  -2.0000e+29   1.0000e+00   4.8122e+28
                              clmcalipso       1326  -1.5697e+28  -2.0000e+29   2.1429e+00   4.1217e+28
                              clhcalipso       1332  -1.8808e+28  -2.0000e+29   2.0000e+00   3.8729e+28
                              cltcalipso       1368  -2.3858e+28  -2.0000e+29  -5.0000e-02   3.9008e+28
                         lidarBetaMol532      70416         -inf  -1.1963e+37  -6.5323e+35 --
                         clopaquecalipso       1372  -2.8823e+28  -2.0000e+29  -5.0000e-02   4.9995e+28
                           clthincalipso       1431  -2.6066e+28  -2.0000e+29   1.9000e+01   5.0971e+28
                        clzopaquecalipso       1104  -6.6848e-01  -1.0000e+00   1.0000e+00   7.4373e-01
                         clcalipsoopaque      10834   1.0000e+00   1.0000e+00   1.0000e+00   0.0000e+00
                           clcalipsothin       8783   1.0000e+00   1.0000e+00   1.0000e+00   0.0000e+00
                        clcalipsozopaque       2593   1.0000e+00   1.0000e+00   1.0000e+00   0.0000e+00
                        clcalipsoopacity      23240   1.0000e+00   1.0000e+00   1.0000e+00   0.0000e+00
                            clopaquetemp       1104  -3.2855e+27  -5.3312e+27   2.7750e-02   1.5138e+27
                              clthintemp        893  -2.9293e+27  -5.4277e+27   1.8651e-01   1.9873e+27
                           clzopaquetemp       1103  -3.1808e+27  -5.2073e+27   1.8162e-02   1.4498e+27
                              clthinemis        782  -5.7409e+30  -9.4382e+31   3.5952e+00   1.0197e+31
                           cllgrLidar532         86  -1.1628e+27  -1.0000e+28   1.5000e+00   3.2056e+27
                           clmgrLidar532        142  -1.7061e-01  -1.0000e+00   5.0000e+00   8.1895e-01
                           clhgrLidar532         70  -2.5050e-01  -1.0000e+00   2.0000e+00   6.9746e-01
                           cltgrLidar532        100  -4.4272e-01  -1.0000e+00  -5.0000e-02   3.5945e-01
                            clgrLidar532      21029   1.0000e+00   1.0000e+00   1.0000e+00   0.0000e+00
                        cfadLidarsr532gr     148062   1.0000e+00   1.0000e+00   1.0000e+00   0.0000e+00
                                cllatlid       1329  -2.8447e+28  -2.0000e+29   2.5000e-01   4.8484e+28
                                clmatlid       1329  -1.5813e+28  -2.0000e+29   3.0000e+00   4.2010e+28
                                clhatlid       1315  -1.8882e+28  -2.0000e+29   1.0000e+00   3.8879e+28
                                cltatlid       1359  -2.3512e+28  -2.0000e+29  -5.0000e-02   3.8791e+28
                                 clatlid      13369   1.0000e+00   1.0000e+00   1.0000e+00   0.0000e+00
                         lidarBetaMol355      69660         -inf  -2.3256e+36  -2.8568e+35 --
                          cfadLidarsr355     130176   1.0000e+00   1.0000e+00   1.0000e+00   0.0000e+00
                                  atb355    1393200         -inf  -3.4028e+38  -1.0000e+00 --
                         parasolPix_refl     129000  -1.3121e+31  -3.3333e+31  -1.0000e+30   1.1578e+31
                        parasolGrid_refl       5195  -6.7135e+30  -3.3333e+31  -1.0000e+00   8.1009e+30
                                  dbze94     308852   1.7920e+28  -1.1848e+33   2.8321e+33   9.0016e+30
                              cfadDbze94      42574   1.0000e+00   1.0000e+00   1.0000e+00   0.0000e+00
                                cltisccp        698  -2.8266e+28  -2.0000e+29  -1.0000e+00   4.4917e+28
                             meantbisccp       1290  -3.7056e+27  -5.0248e+27  -3.2535e+27   3.3198e+26
                          meantbclrisccp       1291  -3.5388e+27  -4.9687e+27   1.0341e-07   2.6517e+26
                                pctisccp        582  -2.2582e+25  -1.4126e+26  -1.0528e+25   1.7814e+25
                                tauisccp        582  -2.8374e+29  -3.0928e+30  -2.9971e+27   4.4923e+29
                                albisccp        582  -3.0710e+30  -1.9735e+31  -1.0376e+30   2.8076e+30
                             boxtauisccp       9159  -7.6854e+31  -2.7828e+34  -1.5741e+27   8.3865e+32
                            boxptopisccp       9159  -3.5123e+25  -1.9499e+26  -1.0168e+25   3.3880e+25
                                 clisccp      34202  -6.9739e+27  -2.0000e+29  -1.0000e+00   3.2517e+28
                                  clMISR      76048  -2.7723e+27  -2.0000e+29  -1.0000e+00   2.0889e+28
                           misr_meanztop        574   3.1597e+28  -1.1702e+29   1.0000e+30   1.7937e+29
                            misr_cldarea        679  -2.8806e+30  -2.0000e+31  -1.0000e+00   4.5366e+30
                                cltmodis        597  -2.9551e+28  -2.0000e+29  -1.0000e+00   4.5361e+28
                                clwmodis        597  -3.7287e+28  -2.0000e+29  -1.0000e+00   5.6860e+28
                                climodis        597  -1.7226e+28  -2.0000e+29  -1.0000e+00   3.6343e+28
                                clhmodis        597  -1.5014e+28  -2.0000e+29  -1.0000e+00   3.8008e+28
                                clmmodis        597  -2.6648e+28  -2.0000e+29  -1.0000e+00   5.5985e+28
                                cllmodis        597  -3.7482e+28  -2.0000e+29  -1.0000e+00   5.7629e+28
                               tautmodis        489  -2.4079e+29  -3.0986e+30  -2.9971e+27   4.6121e+29
                               tauwmodis        363  -1.4811e+29  -1.3186e+30  -2.9971e+27   1.5614e+29
                               tauimodis        271  -4.4076e+29  -3.0986e+30  -1.5741e+27   7.2295e+29
                            tautlogmodis        489   1.0589e+30  -8.0555e+32   1.7340e+33   9.1102e+31
                            tauwlogmodis        363  -1.4311e+30  -5.6191e+31   4.4073e+31   4.1809e+30
                            tauilogmodis        271  -4.0189e+30  -8.0555e+32   7.4839e+32   7.6384e+31
                            reffclwmodis        363  -1.0202e+35  -2.5000e+35  -3.4441e+34   3.4499e+34
                            reffclimodis        271  -3.1969e+34  -1.2187e+35  -1.2781e+34   1.5119e+34
                                pctmodis        597  -1.7290e+25  -9.2562e+25  -1.0000e+00   1.4231e+25
                                lwpmodis        363  -2.5175e+31  -3.8969e+32  -2.4720e+29   4.0197e+31
                                iwpmodis        271  -2.1209e+31  -2.5108e+32  -3.2783e+28   3.5801e+31
                                 clmodis      29253  -6.0914e+27  -2.0000e+29  -1.0000e+00   3.0640e+28
                             clmodis_liq      29253  -3.1655e+27  -2.0000e+29  -1.0000e+00   2.2589e+28
                             clmodis_ice      29253  -2.6174e+27  -2.0000e+29  -1.0000e+00   1.9944e+28
      modis_Optical_Thickness_vs_ReffICE        812  -1.0000e+00  -1.0000e+00  -1.0000e+00   0.0000e+00
      modis_Optical_Thickness_vs_ReffLIQ        847  -1.0000e+00  -1.0000e+00  -1.0000e+00   0.0000e+00
                              clcalipso2       3728   1.0000e+00   1.0000e+00   1.0000e+00   0.0000e+00
                           cltlidarradar       1339  -2.5388e+28  -2.0000e+29  -5.0000e-02   4.0666e+28
                            cloudsat_tcc       1339  -2.6936e+28  -2.0000e+29  -5.0000e-02   4.6174e+28
                           cloudsat_tcc2       1346  -2.6722e+28  -2.0000e+29   1.0000e+00   4.6057e+28
                                 npdfcld        486  -1.0727e+29  -1.0000e+30   1.0000e+00   2.4715e+29
                                 npdfdrz        482  -6.2586e+28  -1.0000e+30  -1.0000e+00   2.3133e+29
                                npdfrain        482  -2.0747e+27  -1.0000e+30  -1.0000e+00   4.5501e+28
                                 ncfodd1     361645  -6.9913e+26  -1.0000e+30   2.7500e+00   2.2028e+28
                                 ncfodd2     361603  -4.1678e+26  -1.0000e+30   4.0000e+00   1.8055e+28
                                 ncfodd3     361520  -1.0228e+26  -1.0000e+30   1.3333e+00   8.7950e+27
==========================================================================================================
