==========================================  Summary statistics  ==========================================
                                Variable          N      AvgDiff      MinDiff      MaxDiff        StDev
                             atb532_perp    1408320         -inf  -3.4025e+38  -1.0000e+00 --
                                  atb532    1408320         -inf  -3.4024e+38  -1.0000e+00 --
                            clcalipsoice      51551  -5.3293e+27  -2.0000e+29  -1.0000e+00   2.4351e+28
                            clcalipsoliq      51551  -1.8838e+27  -2.0000e+29  -1.0000e+00   1.5869e+28
                             clcalipsoun      51551  -9.4021e+26  -2.0000e+29  -1.0000e+00   1.1963e+28
                           cllcalipsoice       1252  -8.6748e+27  -4.0000e+29  -1.0000e+00   3.4498e+28
                           clmcalipsoice       1289  -1.4410e+28  -4.0000e+29  -1.0000e+00   4.3399e+28
                           clhcalipsoice       1304  -2.0076e+28  -4.0000e+29  -1.0000e+00   4.3053e+28
                           cltcalipsoice       1304  -2.5326e+28  -4.0000e+29  -1.0000e+00   5.0149e+28
                           cllcalipsoliq       1252  -3.1894e+28  -4.0000e+29  -1.0000e+00   5.8574e+28
                           clmcalipsoliq       1289  -8.4070e+27  -4.0000e+29  -1.0000e+00   4.1495e+28
                           clhcalipsoliq       1304  -9.5354e+26  -2.2222e+29  -1.0000e+00   1.3323e+28
                           cltcalipsoliq       1304  -3.5946e+28  -4.0000e+29  -1.0000e+00   6.0367e+28
                            cllcalipsoun       1252  -1.9827e+28  -4.0000e+29  -1.0000e+00   6.2863e+28
                            clmcalipsoun       1289  -1.1334e+28  -4.0000e+29  -1.0000e+00   5.0504e+28
                            clhcalipsoun       1304  -4.5082e+27  -4.0000e+29  -1.0000e+00   3.0424e+28
                            cltcalipsoun       1304  -2.9009e+28  -4.0000e+29  -1.0000e+00   7.1528e+28
                            clcalipsotmp      31766  -1.6027e+28  -3.2000e+30  -1.0000e+00   7.9702e+28
                         clcalipsotmpice      31766  -1.2647e+28  -3.2000e+30  -1.0000e+00   7.6111e+28
                         clcalipsotmpliq      31766  -3.8311e+27  -8.0000e+29  -1.0000e+00   2.9383e+28
                          clcalipsotmpun      31766  -2.0326e+27  -7.8000e+29  -1.0000e+00   2.2592e+28
                          cfadLidarsr532     782400  -3.3818e+29  -2.0000e+31  -1.0000e+00   1.9672e+30
                               clcalipso      51551  -7.1488e+27  -2.0000e+29  -1.0000e+00   2.8350e+28
                              cllcalipso       1252  -3.0302e+28  -2.0000e+29  -1.0000e+00   4.9427e+28
                              clmcalipso       1289  -1.5978e+28  -2.0000e+29  -1.0000e+00   4.1801e+28
                              clhcalipso       1304  -1.9124e+28  -2.0000e+29  -1.0000e+00   3.9008e+28
                              cltcalipso       1304  -2.5467e+28  -2.0000e+29  -1.0000e+00   4.0686e+28
                         lidarBetaMol532      70416         -inf  -1.1963e+37  -6.5323e+35 --
                         clopaquecalipso       1304  -3.1262e+28  -2.0000e+29  -1.0000e+00   5.2944e+28
                           clthincalipso       1304  -2.9900e+28  -2.0000e+29  -1.0000e+00   5.3270e+28
                        clzopaquecalipso        860  -1.1145e+27  -4.1667e+27  -6.6138e+25   1.3589e+27
                         clcalipsoopaque      50747  -6.6322e+27  -2.0000e+29  -1.0000e+00   2.8658e+28
                           clcalipsothin      50747  -4.2686e+27  -2.0000e+29  -1.0000e+00   2.3118e+28
                        clcalipsozopaque      51684  -3.2605e+27  -2.0000e+29  -1.0000e+00   2.2111e+28
                        clcalipsoopacity      51684  -7.8565e+27  -2.0000e+29  -1.0000e+00   3.0720e+28
                            clopaquetemp        860  -3.9539e+27  -5.3354e+27  -3.3614e+27   4.4170e+26
                              clthintemp        645  -4.1688e+27  -5.4245e+27  -3.3701e+27   4.7890e+26
                           clzopaquetemp        860  -3.8166e+27  -5.2073e+27  -3.3328e+27   3.7598e+26
                           clopaquemeanz        860  -5.3839e+26  -2.0833e+27  -6.0386e+25   5.6973e+26
                             clthinmeanz        645  -5.7012e+26  -4.1667e+27  -5.2743e+25   9.0603e+26
                              clthinemis        564  -7.0656e+30  -8.2480e+31  -1.4513e+30   9.9703e+30
                         clopaquemeanzse        860  -5.3839e+26  -2.0833e+27  -6.0386e+25   5.6973e+26
                           clthinmeanzse        645  -5.7012e+26  -4.1667e+27  -5.2743e+25   9.0603e+26
                      clzopaquecalipsose        860  -1.1145e+27  -4.1667e+27  -6.6138e+25   1.3589e+27
                                cllatlid       1242  -3.0555e+28  -2.0000e+29  -1.0000e+00   5.0023e+28
                                clmatlid       1276  -1.6588e+28  -2.0000e+29  -1.0000e+00   4.3877e+28
                                clhatlid       1290  -1.9149e+28  -2.0000e+29  -1.0000e+00   3.9380e+28
                                cltatlid       1290  -2.5114e+28  -2.0000e+29  -1.0000e+00   4.0485e+28
                                 clatlid      50236  -7.1673e+27  -2.0000e+29  -1.0000e+00   2.8617e+28
                         lidarBetaMol355      69660         -inf  -2.3256e+36  -2.8568e+35 --
                          cfadLidarsr355     774000  -3.2134e+29  -2.0000e+31  -1.0000e+00   1.9148e+30
                                  atb355    1393200         -inf  -3.4028e+38  -1.0000e+00 --
                         parasolPix_refl     129000  -1.3121e+31  -3.3333e+31  -1.0000e+30   1.1578e+31
                        parasolGrid_refl       5195  -6.7135e+30  -3.3333e+31  -1.0000e+00   8.1009e+30
                                  dbze94     308852   1.8387e+28  -1.1742e+33   2.8926e+33   9.1207e+30
                              cfadDbze94     784785  -1.7247e+29  -2.0000e+31  -1.0000e+00   1.5492e+30
                         ptcloudsatflag0       1304  -1.3253e+30  -2.0000e+31  -1.0000e+00   2.3187e+30
                         ptcloudsatflag1       1304  -5.5041e+29  -2.0000e+31  -1.0000e+00   3.1585e+30
                         ptcloudsatflag2       1304  -6.0793e+29  -2.0000e+31  -1.0000e+00   3.3438e+30
                         ptcloudsatflag3       1304  -1.1273e+30  -2.0000e+31  -1.0000e+00   4.5977e+30
                         ptcloudsatflag4       1304  -8.4438e+28  -2.0000e+31  -1.0000e+00   9.0011e+29
                         ptcloudsatflag5       1304  -1.2021e+29  -2.0000e+31  -1.0000e+00   7.3960e+29
                         ptcloudsatflag6       1304  -1.0932e+29  -2.0000e+31  -1.0000e+00   1.2146e+30
                         ptcloudsatflag7       1304  -1.3292e+29  -2.0000e+31  -1.0000e+00   1.2183e+30
                         ptcloudsatflag8       1304  -3.6810e+29  -2.0000e+31  -1.0000e+00   2.6882e+30
                         ptcloudsatflag9       1304  -1.5741e+27  -1.0526e+30  -1.0000e+00   4.0176e+28
                             cloudsatpia       1304  -9.9367e+29  -1.0000e+31  -1.0000e+00   1.8620e+30
                                cltisccp        698  -2.8266e+28  -2.0000e+29  -1.0000e+00   4.4917e+28
                             meantbisccp       1290  -3.7056e+27  -5.0248e+27  -3.2535e+27   3.3198e+26
                          meantbclrisccp       1290  -3.5416e+27  -4.9687e+27  -3.2019e+27   2.4628e+26
                                pctisccp        582  -2.2582e+25  -1.4126e+26  -1.0528e+25   1.7814e+25
                                tauisccp        582  -2.8374e+29  -3.0928e+30  -2.9971e+27   4.4923e+29
                                albisccp        582  -3.0710e+30  -1.9735e+31  -1.0376e+30   2.8076e+30
                             boxtauisccp       9159  -7.6855e+31  -2.7828e+34  -1.5741e+27   8.3865e+32
                            boxptopisccp       9159  -3.5123e+25  -1.9499e+26  -1.0168e+25   3.3880e+25
                                 clisccp      34202  -6.9739e+27  -2.0000e+29  -1.0000e+00   3.2517e+28
                                  clMISR      76048  -2.7723e+27  -2.0000e+29  -1.0000e+00   2.0889e+28
                           misr_meanztop        574   3.1597e+28  -1.1702e+29   1.0000e+30   1.7937e+29
                            misr_cldarea        679  -2.8806e+30  -2.0000e+31  -1.0000e+00   4.5366e+30
                                cltmodis        597  -2.9551e+28  -2.0000e+29  -1.0000e+00   4.5361e+28
                                clwmodis        597  -3.7287e+28  -2.0000e+29  -1.0000e+00   5.6860e+28
                                climodis        597  -1.7226e+28  -2.0000e+29  -1.0000e+00   3.6343e+28
                                clhmodis        597  -1.5014e+28  -2.0000e+29  -1.0000e+00   3.8008e+28
                                clmmodis        597  -2.6648e+28  -2.0000e+29  -1.0000e+00   5.5985e+28
                                cllmodis        597  -3.7482e+28  -2.0000e+29  -1.0000e+00   5.7629e+28
                               tautmodis        489  -2.4079e+29  -3.0986e+30  -2.9971e+27   4.6121e+29
                               tauwmodis        363  -1.4811e+29  -1.3186e+30  -2.9971e+27   1.5614e+29
                               tauimodis        271  -4.4076e+29  -3.0986e+30  -1.5741e+27   7.2295e+29
                            tautlogmodis        489   1.0589e+30  -8.0555e+32   1.7340e+33   9.1102e+31
                            tauwlogmodis        363  -1.4311e+30  -5.6191e+31   4.4073e+31   4.1809e+30
                            tauilogmodis        271  -4.0189e+30  -8.0555e+32   7.4838e+32   7.6383e+31
                            reffclwmodis        363  -1.0202e+35  -2.5000e+35  -3.4441e+34   3.4499e+34
                            reffclimodis        271  -3.1969e+34  -1.2187e+35  -1.2781e+34   1.5119e+34
                                pctmodis        597  -1.7290e+25  -9.2562e+25  -1.0000e+00   1.4231e+25
                                lwpmodis        363  -2.5175e+31  -3.8969e+32  -2.4720e+29   4.0197e+31
                                iwpmodis        271  -2.1209e+31  -2.5108e+32  -3.2783e+28   3.5801e+31
                                 clmodis      29253  -6.0914e+27  -2.0000e+29  -1.0000e+00   3.0640e+28
      modis_Optical_Thickness_vs_ReffICE        812  -1.0000e+00  -1.0000e+00  -1.0000e+00   0.0000e+00
      modis_Optical_Thickness_vs_ReffLIQ        847  -1.0000e+00  -1.0000e+00  -1.0000e+00   0.0000e+00
                              clcalipso2      52160  -3.4396e+27  -2.0000e+29  -1.0000e+00   2.0873e+28
                           cltlidarradar       1304  -2.6282e+28  -2.0000e+29  -1.0000e+00   4.1571e+28
                            cloudsat_tcc       1304  -2.8522e+28  -2.0000e+29  -1.0000e+00   4.9731e+28
                           cloudsat_tcc2       1304  -2.8522e+28  -2.0000e+29  -1.0000e+00   4.9731e+28
                                 npdfcld        482  -7.7156e+28  -1.0000e+30  -1.0000e+00   2.3406e+29
                                 npdfdrz        482  -3.4232e+28  -1.0000e+30  -1.0000e+00   1.7750e+29
                                npdfrain        482  -2.0747e+27  -1.0000e+30  -1.0000e+00   4.5501e+28
                                 ncfodd1     361500  -6.5866e+26  -1.0000e+30  -1.0000e+00   2.2593e+28
                                 ncfodd2     361500  -3.7341e+26  -1.0000e+30  -1.0000e+00   1.7572e+28
                                 ncfodd3     361500  -1.2756e+26  -1.0000e+30  -1.0000e+00   1.0557e+28
==========================================================================================================
